<?xml version="1.0" encoding="UTF-8"?>
<testng-results ignored="0" total="2" passed="1" failed="1" skipped="0">
  <reporter-output>
  </reporter-output>
  <suite started-at="2022-07-18T21:34:28 IST" name="Suite" finished-at="2022-07-18T21:35:34 IST" duration-ms="65335">
    <groups>
    </groups>
    <test started-at="2022-07-18T21:34:28 IST" name="Test" finished-at="2022-07-18T21:35:34 IST" duration-ms="65335">
      <class name="com.InetBanking.testCases.TC_LoginTest_1">
        <test-method is-config="true" signature="setup()[pri:0, instance:com.InetBanking.testCases.TC_LoginTest_1@6069db50]" started-at="2022-07-18T21:34:29 IST" name="setup" finished-at="2022-07-18T21:34:36 IST" duration-ms="7362" status="PASS">
          <reporter-output>
          </reporter-output>
        </test-method> <!-- setup -->
        <test-method signature="Logintest()[pri:0, instance:com.InetBanking.testCases.TC_LoginTest_1@6069db50]" started-at="2022-07-18T21:34:36 IST" name="Logintest" finished-at="2022-07-18T21:35:31 IST" duration-ms="54882" status="FAIL">
          <exception class="org.openqa.selenium.WebDriverException">
            <message>
              <![CDATA[unknown error: cannot determine loading status
from unknown error: unexpected command response
  (Session info: chrome=103.0.5060.114)
Build info: version: '4.3.0', revision: 'a4995e2c09*'
System info: host: 'DESKTOP-77OND9C', ip: '192.168.73.195', os.name: 'Windows 10', os.arch: 'amd64', os.version: '10.0', java.version: '18.0.1.1'
Driver info: org.openqa.selenium.chrome.ChromeDriver
Command: [cca8e8f69c06932271dbdad12d5ad227, clickElement {id=83b1d20f-edf8-4310-923e-cf36202e4f0c}]
Capabilities {acceptInsecureCerts: false, browserName: chrome, browserVersion: 103.0.5060.114, chrome: {chromedriverVersion: 103.0.5060.53 (a1711811edd7..., userDataDir: C:\Users\DEBAPR~1\AppData\L...}, goog:chromeOptions: {debuggerAddress: localhost:62069}, networkConnectionEnabled: false, pageLoadStrategy: normal, platformName: WINDOWS, proxy: Proxy(), se:cdp: ws://localhost:62069/devtoo..., se:cdpVersion: 103.0.5060.114, setWindowRect: true, strictFileInteractability: false, timeouts: {implicit: 0, pageLoad: 300000, script: 30000}, unhandledPromptBehavior: dismiss and notify, webauthn:extension:credBlob: true, webauthn:extension:largeBlob: true, webauthn:virtualAuthenticators: true}
Element: [[ChromeDriver: chrome on WINDOWS (cca8e8f69c06932271dbdad12d5ad227)] -> name: btnLogin]
Session ID: cca8e8f69c06932271dbdad12d5ad227]]>
            </message>
            <full-stacktrace>
              <![CDATA[org.openqa.selenium.WebDriverException: unknown error: cannot determine loading status
from unknown error: unexpected command response
  (Session info: chrome=103.0.5060.114)
Build info: version: '4.3.0', revision: 'a4995e2c09*'
System info: host: 'DESKTOP-77OND9C', ip: '192.168.73.195', os.name: 'Windows 10', os.arch: 'amd64', os.version: '10.0', java.version: '18.0.1.1'
Driver info: org.openqa.selenium.chrome.ChromeDriver
Command: [cca8e8f69c06932271dbdad12d5ad227, clickElement {id=83b1d20f-edf8-4310-923e-cf36202e4f0c}]
Capabilities {acceptInsecureCerts: false, browserName: chrome, browserVersion: 103.0.5060.114, chrome: {chromedriverVersion: 103.0.5060.53 (a1711811edd7..., userDataDir: C:\Users\DEBAPR~1\AppData\L...}, goog:chromeOptions: {debuggerAddress: localhost:62069}, networkConnectionEnabled: false, pageLoadStrategy: normal, platformName: WINDOWS, proxy: Proxy(), se:cdp: ws://localhost:62069/devtoo..., se:cdpVersion: 103.0.5060.114, setWindowRect: true, strictFileInteractability: false, timeouts: {implicit: 0, pageLoad: 300000, script: 30000}, unhandledPromptBehavior: dismiss and notify, webauthn:extension:credBlob: true, webauthn:extension:largeBlob: true, webauthn:virtualAuthenticators: true}
Element: [[ChromeDriver: chrome on WINDOWS (cca8e8f69c06932271dbdad12d5ad227)] -> name: btnLogin]
Session ID: cca8e8f69c06932271dbdad12d5ad227
at java.base/jdk.internal.reflect.DirectConstructorHandleAccessor.newInstance(DirectConstructorHandleAccessor.java:67)
at java.base/java.lang.reflect.Constructor.newInstanceWithCaller(Constructor.java:499)
at java.base/java.lang.reflect.Constructor.newInstance(Constructor.java:483)
at org.openqa.selenium.remote.codec.w3c.W3CHttpResponseCodec.createException(W3CHttpResponseCodec.java:200)
at org.openqa.selenium.remote.codec.w3c.W3CHttpResponseCodec.decode(W3CHttpResponseCodec.java:133)
at org.openqa.selenium.remote.codec.w3c.W3CHttpResponseCodec.decode(W3CHttpResponseCodec.java:53)
at org.openqa.selenium.remote.HttpCommandExecutor.execute(HttpCommandExecutor.java:184)
at org.openqa.selenium.remote.service.DriverCommandExecutor.invokeExecute(DriverCommandExecutor.java:167)
at org.openqa.selenium.remote.service.DriverCommandExecutor.execute(DriverCommandExecutor.java:142)
at org.openqa.selenium.remote.RemoteWebDriver.execute(RemoteWebDriver.java:569)
at org.openqa.selenium.remote.RemoteWebElement.execute(RemoteWebElement.java:257)
at org.openqa.selenium.remote.RemoteWebElement.click(RemoteWebElement.java:78)
at java.base/jdk.internal.reflect.DirectMethodHandleAccessor.invoke(DirectMethodHandleAccessor.java:104)
at java.base/java.lang.reflect.Method.invoke(Method.java:577)
at org.openqa.selenium.support.pagefactory.internal.LocatingElementHandler.invoke(LocatingElementHandler.java:52)
at jdk.proxy2/jdk.proxy2.$Proxy17.click(Unknown Source)
at com.InetBanking.pageObjects.LoginPage.clicklgn(LoginPage.java:31)
at com.InetBanking.testCases.TC_LoginTest_1.Logintest(TC_LoginTest_1.java:24)
at java.base/jdk.internal.reflect.DirectMethodHandleAccessor.invoke(DirectMethodHandleAccessor.java:104)
at java.base/java.lang.reflect.Method.invoke(Method.java:577)
at org.testng.internal.invokers.MethodInvocationHelper.invokeMethod(MethodInvocationHelper.java:139)
at org.testng.internal.invokers.TestInvoker.invokeMethod(TestInvoker.java:677)
at org.testng.internal.invokers.TestInvoker.invokeTestMethod(TestInvoker.java:221)
at org.testng.internal.invokers.MethodRunner.runInSequence(MethodRunner.java:50)
at org.testng.internal.invokers.TestInvoker$MethodInvocationAgent.invoke(TestInvoker.java:962)
at org.testng.internal.invokers.TestInvoker.invokeTestMethods(TestInvoker.java:194)
at org.testng.internal.invokers.TestMethodWorker.invokeTestMethods(TestMethodWorker.java:148)
at org.testng.internal.invokers.TestMethodWorker.run(TestMethodWorker.java:128)
at java.base/java.util.ArrayList.forEach(ArrayList.java:1511)
at org.testng.TestRunner.privateRun(TestRunner.java:806)
at org.testng.TestRunner.run(TestRunner.java:601)
at org.testng.SuiteRunner.runTest(SuiteRunner.java:433)
at org.testng.SuiteRunner.runSequentially(SuiteRunner.java:427)
at org.testng.SuiteRunner.privateRun(SuiteRunner.java:387)
at org.testng.SuiteRunner.run(SuiteRunner.java:330)
at org.testng.SuiteRunnerWorker.runSuite(SuiteRunnerWorker.java:52)
at org.testng.SuiteRunnerWorker.run(SuiteRunnerWorker.java:95)
at org.testng.TestNG.runSuitesSequentially(TestNG.java:1256)
at org.testng.TestNG.runSuitesLocally(TestNG.java:1176)
at org.testng.TestNG.runSuites(TestNG.java:1099)
at org.testng.TestNG.run(TestNG.java:1067)
at org.testng.remote.AbstractRemoteTestNG.run(AbstractRemoteTestNG.java:115)
at org.testng.remote.RemoteTestNG.initAndRun(RemoteTestNG.java:251)
at org.testng.remote.RemoteTestNG.main(RemoteTestNG.java:77)
]]>
            </full-stacktrace>
          </exception> <!-- org.openqa.selenium.WebDriverException -->
          <reporter-output>
          </reporter-output>
        </test-method> <!-- Logintest -->
        <test-method is-config="true" signature="exist()[pri:0, instance:com.InetBanking.testCases.TC_LoginTest_1@6069db50]" started-at="2022-07-18T21:35:31 IST" name="exist" finished-at="2022-07-18T21:35:31 IST" duration-ms="1" status="PASS">
          <reporter-output>
          </reporter-output>
        </test-method> <!-- exist -->
        <test-method is-config="true" signature="setup()[pri:0, instance:com.InetBanking.testCases.TC_LoginTest_1@6069db50]" started-at="2022-07-18T21:35:31 IST" name="setup" finished-at="2022-07-18T21:35:34 IST" duration-ms="2464" status="PASS">
          <reporter-output>
          </reporter-output>
        </test-method> <!-- setup -->
        <test-method signature="Demo()[pri:0, instance:com.InetBanking.testCases.TC_LoginTest_1@6069db50]" started-at="2022-07-18T21:35:34 IST" name="Demo" finished-at="2022-07-18T21:35:34 IST" duration-ms="3" status="PASS">
          <reporter-output>
          </reporter-output>
        </test-method> <!-- Demo -->
        <test-method is-config="true" signature="exist()[pri:0, instance:com.InetBanking.testCases.TC_LoginTest_1@6069db50]" started-at="2022-07-18T21:35:34 IST" name="exist" finished-at="2022-07-18T21:35:34 IST" duration-ms="1" status="PASS">
          <reporter-output>
          </reporter-output>
        </test-method> <!-- exist -->
      </class> <!-- com.InetBanking.testCases.TC_LoginTest_1 -->
    </test> <!-- Test -->
  </suite> <!-- Suite -->
</testng-results>
